<?xml version="1.0" encoding="UTF-8"?>
<!-- Generated by org.testng.reporters.JUnitReportReporter -->
<testsuite hostname="DESKTOP-0A8DN9C" failures="0" tests="2" name="Login_Module.LoginTest" time="4.981" errors="0" timestamp="2024-12-29T00:15:24 IST" skipped="0">
  <testcase classname="Login_Module.LoginTest" name="OpenBrowser" time="2.852"/>
  <testcase classname="Login_Module.LoginTest" name="loginTheApp" time="2.129"/>
</testsuite> <!-- Login_Module.LoginTest -->
