<?xml version="1.0" encoding="UTF-8"?>
<!-- Generated by org.testng.reporters.JUnitReportReporter -->
<testsuite hostname="DESKTOP-0A8DN9C" failures="0" tests="1" name="LibraryClass.BaseClass" time="3.322" errors="0" timestamp="2024-12-28T23:42:09 IST" skipped="0">
  <testcase classname="LibraryClass.BaseClass" name="IntilizeBrowser" time="3.322"/>
</testsuite> <!-- LibraryClass.BaseClass -->
