<?xml version="1.0" encoding="UTF-8"?>
<!-- Generated by org.testng.reporters.JUnitReportReporter -->
<testsuite hostname="DESKTOP-0A8DN9C" failures="0" tests="1" name="Login_Test.LoginPageTest" time="25.252" errors="0" timestamp="2024-12-29T17:54:35 IST" skipped="0">
  <testcase classname="Login_Test.LoginPageTest" name="ClickOnBtn" time="25.252"/>
</testsuite> <!-- Login_Test.LoginPageTest -->
